<?xml version="1.0" encoding="UTF-8"?>
<!-- Generated by org.testng.reporters.JUnitXMLReporter -->
<testsuite hostname="MacBook-Air-de-Marthe.local" ignored="1" name="End to end suite" tests="2" failures="0" timestamp="2020-10-11T14:18:42 CEST" time="41.259" errors="0">
  <testcase name="loginTest" time="9.92" classname="fr.ag2.testcases.TestCase"/>
  <testcase name="loginTest2" time="6.801" classname="fr.ag2.testcases.TestCase2"/>
  <testcase name="@BeforeSuite setUpFramework" time="0.0" classname="fr.ag2.base.Base">
    <ignored/>
  </testcase> <!-- @BeforeSuite setUpFramework -->
</testsuite> <!-- End to end suite -->
