<?xml version="1.0" encoding="UTF-8"?>
<!-- Generated by org.testng.reporters.JUnitXMLReporter -->
<testsuite hostname="MacBook-Air-de-Marthe.local" ignored="1" name="Regression Suite" tests="2" failures="0" timestamp="2020-10-11T14:18:37 CEST" time="41.108" errors="0">
  <testcase name="loginTest" time="9.765" classname="fr.ag2.testcases.TestCase"/>
  <testcase name="loginTest2" time="7.161" classname="fr.ag2.testcases.TestCase2"/>
  <testcase name="@BeforeSuite setUpFramework" time="0.0" classname="fr.ag2.base.Base">
    <ignored/>
  </testcase> <!-- @BeforeSuite setUpFramework -->
</testsuite> <!-- Regression Suite -->
